20230328	21:09:19	abb5ad34-00e5-439f-b894-e240d8e631c8	TypeError: Cannot destructure property '_id' of 'req.user' as it is undefined.	POST	/articles	undefined
20230328	21:10:02	22d4b9ab-077e-4970-955b-ea277e1ebdfa	Error: No token	POST	/articles	undefined
20230328	21:10:16	ea8c8162-a19d-4f6f-a99a-dc8618891c4c	Error: No token	POST	/articles	undefined
20230328	21:11:38	0bc5f0e5-867f-4428-b4ac-70c45e0be24d	CastError: Cast to ObjectId failed for value "login" (type string) at path "_id" for model "User"	GET	/users/login	undefined
20230328	21:11:48	c6066a71-011e-45b3-ba1c-436afa57b394	Error: Credentials not valid	POST	/users/login	undefined
20230328	21:15:25	1f9bc3d3-be79-4c17-9fe3-31cf240acb04	ReferenceError: article is not defined	PUT	/articles/6423589e3a86fc200e7841a8	undefined
20230328	21:38:03	eab3ad8b-f4b2-4232-ad9e-fb5228d16aba	Error: No token	POST	/articles/	undefined
20230329	21:02:24	1f0d3f40-2905-4842-bf47-2ad9a87b71e4	Error: No token	POST	/articles/	undefined
20230329	21:02:44	9deace9e-7630-46f1-875b-7e2ba10b7c37	Error: Credentials not valid	POST	/users/login	undefined
20230329	21:02:56	ff703b91-abca-4231-a530-08926f369ac2	Error: Credentials not valid	POST	/users/login	undefined
20230329	21:03:23	db6e8c32-0abe-49ec-87ab-92c3f465a49a	Error: Credentials not valid	POST	/users/login	undefined
20230329	21:03:31	0e834474-a771-43ef-a645-3e5a73631a5a	Error: Credentials not valid	POST	/users/login	undefined
20230329	21:09:56	6ab277b4-dcff-4782-8751-49d0332df05b	Error: No token	POST	/comments/6424a808fc28a293c573cdb8	undefined
20230329	21:10:32	5a7fd4ab-2324-4f72-aa79-265d7c3a0cfc	Error: Credentials not valid	POST	/users/login	undefined
20230329	21:14:11	a1ec2259-2229-4784-9ced-b3e18df10da8	Error: Credentials not valid	POST	/users/login	undefined
20230329	21:14:44	83fbdb50-66d1-4266-b8d5-22c1c2174a15	Error: No token	DELETE	/comments/6424a9a8a62563fae2261370	undefined
20230329	21:35:37	14dda728-ba71-4fb7-957f-99f5d251dbbb	Error: Not Authorized	PUT	/comments/6424adabd65a299b40ea8cf8	undefined
20230329	21:48:41	6a0a1fed-34b5-4990-89b8-c92757758461	Error: No token	POST	/articles/	undefined
20230329	21:50:11	eb2d12a0-d9da-46c6-bc8f-e692de2b5731	ReferenceError: slug is not defined	PUT	/articles/6424b2575846c8150f57a049	undefined
20230329	23:19:32	771195dd-7f34-4d4d-bf28-b55d48fda0c2	TypeError: Assignment to constant variable.	POST	/users	undefined
20230330	22:14:28	49cf33dd-6e7f-4b8a-a8bd-e22d167327d1	ReferenceError: upload is not defined	POST	/users	undefined
20230330	22:23:36	7b07d268-95c4-442e-98a8-baafeeada88f	TypeError: Cannot destructure property 'files' of 'undefined' as it is undefined.	POST	/users	undefined
20230330	22:27:31	670ddac0-97b6-4e45-89ff-7df42b675400	TypeError: Cannot destructure property 'files' of 'undefined' as it is undefined.	POST	/users	undefined
20230330	22:57:55	96499621-2562-4f12-9e17-1e6e1218afd4	Error: Not allowed by CORS policy	POST	/upload	http://localhost:5001
20230401	21:14:24	6a3a8bc4-474f-4d19-81ab-17a52974f6ff	Error: No token	POST	/like/6424a808fc28a293c573cdb8	undefined
20230401	21:15:15	fd5119bc-b4c4-47a3-90e7-5320957ce0a0	Error: Not Authorized	POST	/like/6424a808fc28a293c573cdb8	undefined
20230401	21:15:18	3b35ce9f-1ecb-47bd-92bc-4c4f1072d53e	Error: Not Authorized	POST	/like/6424a808fc28a293c573cdb8	undefined
20230401	21:16:53	1e328923-22fe-4993-8598-27dfb82f793b	Error: Not Authorized	POST	/like/6424a808fc28a293c573cdb8	undefined
20230401	21:19:20	2e07d384-b0e1-42d1-b63b-e9c56ed53dcb	TypeError: likeExists.remove is not a function	POST	/like/6424a808fc28a293c573cdb8	undefined
