20230328	21:06:35	878314aa-5e0f-42b7-9496-6922e348448b	GET	/articles	undefined
20230328	21:09:19	71914c72-e838-434d-9eee-0df6debd682f	POST	/articles	undefined
20230328	21:10:02	95ce0e12-a9ff-4b27-92d6-a4ced66e9579	POST	/articles	undefined
20230328	21:10:16	863944b6-5e28-484e-ae44-6a01a4fdd673	POST	/articles	undefined
20230328	21:11:37	375c0904-e316-465d-b850-2be6d3133b83	GET	/users/login	undefined
20230328	21:11:48	02e59e4b-d1f4-4af1-9296-a08047399ca9	POST	/users/login	undefined
20230328	21:13:05	1319a412-77f2-4a2b-b9a0-3049c53b5ca7	POST	/users/login	undefined
20230328	21:14:06	65609afa-fc12-437c-83af-afbaffef7d11	POST	/articles	undefined
20230328	21:14:59	d93a79f7-7f8a-4bd8-853c-8a8a01b4e66f	GET	/articles/6423589e3a86fc200e7841a8	undefined
20230328	21:15:25	02e67388-68c1-4b18-8391-f38ff315a964	PUT	/articles/6423589e3a86fc200e7841a8	undefined
20230328	21:16:00	c9b27a90-4b40-483c-beda-1df30ceb665f	PUT	/articles/6423589e3a86fc200e7841a8	undefined
20230328	21:16:55	45bbdbf0-f168-4f14-9b9e-2eddf7528ebd	POST	/users	undefined
20230328	21:17:34	8e610ede-038a-41ac-a5f1-ad4a164ed3af	POST	/users/login	undefined
20230328	21:18:04	70c8540b-bfcc-48a0-87b5-8d1bfcf6b797	DELETE	/articles/6423589e3a86fc200e7841a8	undefined
20230328	21:18:20	ded4d9ee-c3b4-411d-99ea-42021de86393	DELETE	/articles/6423589e3a86fc200e7841a8	undefined
20230328	21:18:34	b4ed39d2-c880-4603-970b-de548589a9da	POST	/users/login	undefined
20230328	21:18:50	56e9ebbb-05ba-4464-ab6d-df811017f20c	DELETE	/articles/6423589e3a86fc200e7841a8	undefined
20230328	21:20:00	8eaa2bb8-db68-4f40-a5f6-5db249c409d4	DELETE	/articles/6423589e3a86fc200e7841a8	undefined
20230328	21:20:45	7784cbb5-5af3-4440-94b4-bb597c057ece	DELETE	/articles/6423589e3a86fc200e7841a8	undefined
20230328	21:21:29	aea93a3d-ec66-4012-a6db-5bfa9ee6d2c5	DELETE	/articles/6423589e3a86fc200e7841a8	undefined
20230328	21:21:58	7af06e1e-145d-48f7-9a50-90e21f2b9c30	DELETE	/articles/6423589e3a86fc200e7841a8	undefined
20230328	21:23:53	45b0ff74-af7d-44dd-b708-4a4348db8bb1	DELETE	/articles/6423589e3a86fc200e7841a8	undefined
20230328	21:25:47	5ef21e72-f6f3-42d1-b56f-59a637e318da	DELETE	/articles/6423589e3a86fc200e7841a8	undefined
20230328	21:26:22	146e434d-9fdd-4b91-9ebd-152409e52bdc	DELETE	/articles/6423589e3a86fc200e7841a8	undefined
20230328	21:31:21	447d10a9-dee0-4340-95de-479877b72f8e	DELETE	/articles/6423589e3a86fc200e7841a8	undefined
